<?xml version="1.0" encoding="UTF-8"?>
<!-- Generated by org.testng.reporters.JUnitReportReporter -->
<testsuite hostname="USHYDHLIHOR5" failures="0" tests="1" name="skyIsTheLimit.FlightSchedule" time="22.624" errors="0" timestamp="2023-01-15T03:38:52 IST" skipped="0">
  <testcase classname="skyIsTheLimit.FlightSchedule" name="verify" time="22.624"/>
  <system-out/>
</testsuite> <!-- skyIsTheLimit.FlightSchedule -->
