<?xml version="1.0" encoding="UTF-8"?>
<!-- Generated by org.testng.reporters.JUnitReportReporter -->
<testsuite hostname="USHYDHLIHOR5" failures="0" tests="1" name="skyIsTheLimit.SocialMedia" time="24.803" errors="0" timestamp="2023-01-15T02:40:17 IST" skipped="0">
  <testcase classname="skyIsTheLimit.SocialMedia" name="verify" time="24.803"/>
  <system-out/>
</testsuite> <!-- skyIsTheLimit.SocialMedia -->
