<?xml version="1.0" encoding="UTF-8"?>
<!-- Generated by org.testng.reporters.JUnitReportReporter -->
<testsuite hostname="USHYDHLIHOR5" failures="0" tests="1" name="skyIsTheLimit.AskMaharajah" time="28.881" errors="0" timestamp="2023-01-16T14:10:09 IST" skipped="0">
  <testcase classname="skyIsTheLimit.AskMaharajah" name="verify" time="28.881"/>
  <system-out/>
</testsuite> <!-- skyIsTheLimit.AskMaharajah -->
