<?xml version="1.0" encoding="UTF-8"?>
<!-- Generated by org.testng.reporters.JUnitReportReporter -->
<testsuite hostname="USHYDHLIHOR5" failures="0" tests="1" name="skyIsTheLimit.Login" time="12.966" errors="0" timestamp="2023-01-15T03:55:59 IST" skipped="0">
  <testcase classname="skyIsTheLimit.Login" name="verify" time="12.966"/>
  <system-out/>
</testsuite> <!-- skyIsTheLimit.Login -->
