<?xml version="1.0" encoding="UTF-8"?>
<!-- Generated by org.testng.reporters.JUnitReportReporter -->
<testsuite hostname="USHYDSNEHADAS2" failures="0" tests="1" name="TestMethods.AdditionalDetails" time="20.306" errors="0" timestamp="2023-02-23T16:37:22 IST" skipped="0">
  <testcase classname="TestMethods.AdditionalDetails" name="verify" time="20.306"/>
  <system-out/>
</testsuite> <!-- TestMethods.AdditionalDetails -->
