<?xml version="1.0" encoding="UTF-8"?>
<!-- Generated by org.testng.reporters.JUnitReportReporter -->
<testsuite hostname="USHYDSNEHADAS2" failures="0" tests="1" name="TestMethods.TataLogo" time="10.073" errors="0" timestamp="2023-02-23T12:04:25 IST" skipped="0">
  <testcase classname="TestMethods.TataLogo" name="verify" time="10.073"/>
  <system-out/>
</testsuite> <!-- TestMethods.TataLogo -->
