<?xml version="1.0" encoding="UTF-8"?>
<!-- Generated by org.testng.reporters.JUnitReportReporter -->
<testsuite hostname="USHYDSNEHADAS2" failures="0" tests="1" name="TestMethods.SocialMedia" time="15.242" errors="0" timestamp="2023-02-23T12:04:25 IST" skipped="0">
  <testcase classname="TestMethods.SocialMedia" name="verify" time="15.242"/>
  <system-out/>
</testsuite> <!-- TestMethods.SocialMedia -->
