<?xml version="1.0" encoding="UTF-8"?>
<!-- Generated by org.testng.reporters.JUnitReportReporter -->
<testsuite hostname="USHYDSNEHADAS2" failures="0" tests="5" name="TestMethods.NewYorkFlight" time="41.734" errors="0" timestamp="2023-02-23T12:04:25 IST" skipped="0">
  <testcase classname="TestMethods.NewYorkFlight" name="doVerify" time="7.995"/>
  <system-out/>
  <testcase classname="TestMethods.NewYorkFlight" name="doVerify" time="8.317"/>
  <system-out/>
  <testcase classname="TestMethods.NewYorkFlight" name="doVerify" time="8.870"/>
  <system-out/>
  <testcase classname="TestMethods.NewYorkFlight" name="doVerify" time="7.994"/>
  <system-out/>
  <testcase classname="TestMethods.NewYorkFlight" name="doVerify" time="8.558"/>
  <system-out/>
</testsuite> <!-- TestMethods.NewYorkFlight -->
