<?xml version="1.0" encoding="UTF-8"?>
<!-- Generated by org.testng.reporters.JUnitReportReporter -->
<testsuite hostname="USHYDHLIHOR5" failures="0" tests="1" name="TestMethods.AskMaharajah" time="49.817" errors="0" timestamp="2023-02-23T19:09:34 IST" skipped="0">
  <testcase classname="TestMethods.AskMaharajah" name="verify" time="49.817"/>
  <system-out/>
</testsuite> <!-- TestMethods.AskMaharajah -->
